\BOOKMARK [1][-]{section.1}{Bezeichnungen}{}% 1
\BOOKMARK [1][-]{section.2}{Einleitung}{}% 2
\BOOKMARK [2][-]{subsection.2.1}{Projektbeschreibung \(H.G.\)}{section.2}% 3
\BOOKMARK [2][-]{subsection.2.2}{Motivation \(O.S.\)}{section.2}% 4
\BOOKMARK [2][-]{subsection.2.3}{L\366sungsstrategie \(H.G.\)}{section.2}% 5
\BOOKMARK [1][-]{section.3}{Grundlagen}{}% 6
\BOOKMARK [2][-]{subsection.3.1}{Einf\374hrung zu Glasfasern \(H.G.\)}{section.3}% 7
\BOOKMARK [2][-]{subsection.3.2}{Einf\374hrung zur Matrix \(H.G.\)}{section.3}% 8
\BOOKMARK [2][-]{subsection.3.3}{Einf\374hrung in die Balkenbiegung \(T.B.\)}{section.3}% 9
\BOOKMARK [2][-]{subsection.3.4}{Einf\374hrung in die Netztheorie \(H.G.\)}{section.3}% 10
\BOOKMARK [2][-]{subsection.3.5}{Einf\374hrung in die Klassische Laminattheorie \(H.G.\)}{section.3}% 11
\BOOKMARK [3][-]{subsubsection.3.5.1}{Ingenieurskonstanten des MSV}{subsection.3.5}% 12
\BOOKMARK [3][-]{subsubsection.3.5.2}{Plattenelement}{subsection.3.5}% 13
\BOOKMARK [2][-]{subsection.3.6}{Einf\374hrung in die Mischungsregel \(H.G.\)}{section.3}% 14
\BOOKMARK [2][-]{subsection.3.7}{Einf\374hrung in das Versagenskriterium nach Puck \(O.S.\)}{section.3}% 15
\BOOKMARK [3][-]{subsubsection.3.7.1}{Definitionen}{subsection.3.7}% 16
\BOOKMARK [3][-]{subsubsection.3.7.2}{Zwischenfaserbruch ohne L\344ngsspannung}{subsection.3.7}% 17
\BOOKMARK [3][-]{subsubsection.3.7.3}{Einfluss der L\344ngsspannung}{subsection.3.7}% 18
\BOOKMARK [3][-]{subsubsection.3.7.4}{Faserbruch}{subsection.3.7}% 19
\BOOKMARK [2][-]{subsection.3.8}{Einf\374hrung in Stabilit\344ts-\334berpr\374fungen \(T.B.\)}{section.3}% 20
\BOOKMARK [2][-]{subsection.3.9}{Einf\374hrung zu Verklebung \(T.B.\)}{section.3}% 21
\BOOKMARK [2][-]{subsection.3.10}{Einf\374hrung in Bauweisen \(O.S.\)}{section.3}% 22
\BOOKMARK [1][-]{section.4}{Auslegung des Holms nach Handbuchmethoden}{}% 23
\BOOKMARK [2][-]{subsection.4.1}{Modellierung des Holms \(T.B.\)}{section.4}% 24
\BOOKMARK [3][-]{subsubsection.4.1.1}{Annahmen zur Modellierung}{subsection.4.1}% 25
\BOOKMARK [3][-]{subsubsection.4.1.2}{Analytisches L\366sen der Modellierung}{subsection.4.1}% 26
\BOOKMARK [3][-]{subsubsection.4.1.3}{Analyse der Modellierung}{subsection.4.1}% 27
\BOOKMARK [2][-]{subsection.4.2}{Auslegung des Holms nach VDI 2013 \(H.K.\)}{section.4}% 28
\BOOKMARK [3][-]{subsubsection.4.2.1}{Allgemeine Informationen zu der Richtlinie}{subsection.4.2}% 29
\BOOKMARK [3][-]{subsubsection.4.2.2}{Dimensionierung der Gurte mit rechteckigen Querschnitten}{subsection.4.2}% 30
\BOOKMARK [3][-]{subsubsection.4.2.3}{Nachrechnung der angepassten Gurte}{subsection.4.2}% 31
\BOOKMARK [3][-]{subsubsection.4.2.4}{Bestimmung der Lagenanzahl des Steges}{subsection.4.2}% 32
\BOOKMARK [2][-]{subsection.4.3}{Auslegung des Holms nach Klassischer Laminattheorie \(T.B.\)}{section.4}% 33
\BOOKMARK [3][-]{subsubsection.4.3.1}{Beispielrechnung nach Klassischer Laminattheorie}{subsection.4.3}% 34
\BOOKMARK [3][-]{subsubsection.4.3.2}{eLamX2}{subsection.4.3}% 35
\BOOKMARK [2][-]{subsection.4.4}{Beulabsch\344tzung des Holms \(T.B.\)}{section.4}% 36
\BOOKMARK [3][-]{subsubsection.4.4.1}{Beulsicherheit der Gurte}{subsection.4.4}% 37
\BOOKMARK [3][-]{subsubsection.4.4.2}{Beulsicherheit des Steges}{subsection.4.4}% 38
\BOOKMARK [2][-]{subsection.4.5}{Auslegung der Klebeverbindung \(T.B.\)}{section.4}% 39
\BOOKMARK [3][-]{subsubsection.4.5.1}{Klebeverbindung Steg - Gurt}{subsection.4.5}% 40
\BOOKMARK [3][-]{subsubsection.4.5.2}{Klebeverbindung Holm - Rippen}{subsection.4.5}% 41
\BOOKMARK [2][-]{subsection.4.6}{Bolzenauslegung \(H.G.\)}{section.4}% 42
\BOOKMARK [3][-]{subsubsection.4.6.1}{Bolzenberechnung}{subsection.4.6}% 43
\BOOKMARK [1][-]{section.5}{Auslegung der Fl\374gelschale nach Handbuchmethoden}{}% 44
\BOOKMARK [2][-]{subsection.5.1}{Schubfluss}{section.5}% 45
\BOOKMARK [3][-]{subsubsection.5.1.1}{Theorie \(O.S.\)}{subsection.5.1}% 46
\BOOKMARK [3][-]{subsubsection.5.1.2}{Idealisierung\(H.G.\)}{subsection.5.1}% 47
\BOOKMARK [3][-]{subsubsection.5.1.3}{Schwerpunktkoordinaten\(H.G.\)}{subsection.5.1}% 48
\BOOKMARK [3][-]{subsubsection.5.1.4}{Schubmittelpunkt \(H.G.\)}{subsection.5.1}% 49
\BOOKMARK [3][-]{subsubsection.5.1.5}{Torsion \(O.S.\)}{subsection.5.1}% 50
\BOOKMARK [3][-]{subsubsection.5.1.6}{Schubspannung \(O.S.\)}{subsection.5.1}% 51
\BOOKMARK [2][-]{subsection.5.2}{Auslegung der Fl\374gelschale nach Klassischer Laminattheorie \(T.B.\)}{section.5}% 52
\BOOKMARK [3][-]{subsubsection.5.2.1}{eLamX2}{subsection.5.2}% 53
\BOOKMARK [2][-]{subsection.5.3}{Beulabsch\344tzung der Fl\374gelschale \(T.B.\)}{section.5}% 54
\BOOKMARK [1][-]{section.6}{Numerische Berechnung}{}% 55
\BOOKMARK [2][-]{subsection.6.1}{Vorteile der Finiten Element Methode \(O.S.\)}{section.6}% 56
\BOOKMARK [2][-]{subsection.6.2}{Funktionsweise der Finiten Element Methode \(O.S.\)}{section.6}% 57
\BOOKMARK [3][-]{subsubsection.6.2.1}{Schwache L\366sung der Elastostatik}{subsection.6.2}% 58
\BOOKMARK [3][-]{subsubsection.6.2.2}{Diskretisierung}{subsection.6.2}% 59
\BOOKMARK [2][-]{subsection.6.3}{ABAQUS Analyse \(H.G.\)}{section.6}% 60
\BOOKMARK [3][-]{subsubsection.6.3.1}{Modell}{subsection.6.3}% 61
\BOOKMARK [3][-]{subsubsection.6.3.2}{Analyse}{subsection.6.3}% 62
\BOOKMARK [3][-]{subsubsection.6.3.3}{Beulanalyse}{subsection.6.3}% 63
\BOOKMARK [1][-]{section.7}{Konstruktion und Fertigung des Fl\374gels}{}% 64
\BOOKMARK [2][-]{subsection.7.1}{CAD-Konstruktion des Fl\374gels \(H.K.\)}{section.7}% 65
\BOOKMARK [3][-]{subsubsection.7.1.1}{Konstruktion der Gurte}{subsection.7.1}% 66
\BOOKMARK [3][-]{subsubsection.7.1.2}{Konstruktion des Stegs}{subsection.7.1}% 67
\BOOKMARK [3][-]{subsubsection.7.1.3}{Konstruktion der Haut und der Rippen}{subsection.7.1}% 68
\BOOKMARK [3][-]{subsubsection.7.1.4}{Konstruktion unterst\374tzender Bauteile des Holms}{subsection.7.1}% 69
\BOOKMARK [3][-]{subsubsection.7.1.5}{Querkraftbolzen und Montage auf dem Teststand}{subsection.7.1}% 70
\BOOKMARK [2][-]{subsection.7.2}{Massenabsch\344tzung \(H.K.\)}{section.7}% 71
\BOOKMARK [3][-]{subsubsection.7.2.1}{Masse der Gurte}{subsection.7.2}% 72
\BOOKMARK [3][-]{subsubsection.7.2.2}{Masse des Stegs}{subsection.7.2}% 73
\BOOKMARK [3][-]{subsubsection.7.2.3}{Masse der Haut}{subsection.7.2}% 74
\BOOKMARK [3][-]{subsubsection.7.2.4}{Masse der Holzkl\366tze und Rippen}{subsection.7.2}% 75
\BOOKMARK [3][-]{subsubsection.7.2.5}{Absch\344tzung der Verklebungen und der Gesamtmasse}{subsection.7.2}% 76
\BOOKMARK [2][-]{subsection.7.3}{Bauanleitung f\374r die Fertigung \(T.B.\)}{section.7}% 77
\BOOKMARK [1][-]{section.8}{Begutachtung der erarbeiteten Ergebnisse}{}% 78
\BOOKMARK [2][-]{subsection.8.1}{Gewichtsnormalisiertes Festigkeitskriterium \(O.S.\)}{section.8}% 79
\BOOKMARK [2][-]{subsection.8.2}{Diskussion der Ergebnisse \(H.G.\)}{section.8}% 80
\BOOKMARK [2][-]{subsection.8.3}{Ausblick auf Optimierungen der Berechnungen \(H.G.\)}{section.8}% 81
\BOOKMARK [1][-]{section.9}{Zusammenfassung}{}% 82
\BOOKMARK [2][-]{subsection.9.1}{Die Berechnungen im \334berblick \(H.K.\)}{section.9}% 83
\BOOKMARK [2][-]{subsection.9.2}{Die Konstruktion und FEM-Analyse im \334berblick \(H.K.\)}{section.9}% 84
\BOOKMARK [1][-]{section.10}{Quellenverzeichnis}{}% 85
\BOOKMARK [1][-]{section.11}{Abbildungsverzeichnis}{}% 86
\BOOKMARK [1][-]{section.12}{Anhang}{}% 87
\BOOKMARK [2][-]{subsection.12.1}{Berechnung: Analytische L\366sung der Modellierung \(T.B.\)}{section.12}% 88
\BOOKMARK [2][-]{subsection.12.2}{Berechnung: Schubfluss und Schubmittelpunkt \(O.S.\)}{section.12}% 89
\BOOKMARK [2][-]{subsection.12.3}{Abbildungen: eLamX2}{section.12}% 90
\BOOKMARK [2][-]{subsection.12.4}{Abbildungen: Beulberechnung}{section.12}% 91
\BOOKMARK [2][-]{subsection.12.5}{Abbildungen Schubfluss}{section.12}% 92
\BOOKMARK [2][-]{subsection.12.6}{Abbildungen: Numerische Berechnung}{section.12}% 93
\BOOKMARK [2][-]{subsection.12.7}{Abbildungen: Konstruktion und Fertigung}{section.12}% 94
