This is pdfTeX, Version 3.14159265-2.6-1.40.21 (MiKTeX 20.11) (preloaded format=pdflatex 2020.12.2)  16 JAN 2021 13:42
entering extended mode
**"./Projektarbeit - Main.tex"
("Projektarbeit - Main.tex"
LaTeX2e <2020-10-01> patch level 2
L3 programming layer <2020-10-27> xparse <2020-03-03>
(C:\Users\PC\AppData\Local\Programs\MiKTeX\tex/latex/base\article.cls
Document Class: article 2020/04/10 v1.4m Standard LaTeX document class
(C:\Users\PC\AppData\Local\Programs\MiKTeX\tex/latex/base\size11.clo
File: size11.clo 2020/04/10 v1.4m Standard LaTeX file (size option)
)
\c@part=\count175
\c@section=\count176
\c@subsection=\count177
\c@subsubsection=\count178
\c@paragraph=\count179
\c@subparagraph=\count180
\c@figure=\count181
\c@table=\count182
\abovecaptionskip=\skip47
\belowcaptionskip=\skip48
\bibindent=\dimen138
)
(C:\Users\PC\AppData\Local\Programs\MiKTeX\tex/generic/babel\babel.sty
Package: babel 2020/10/27 3.51 The Babel package

(C:\Users\PC\AppData\Local\Programs\MiKTeX\tex/generic/babel\babel.def
File: babel.def 2020/10/27 3.51 Babel common definitions
\babel@savecnt=\count183
\U@D=\dimen139
\l@babelnohyphens=\language79

(C:\Users\PC\AppData\Local\Programs\MiKTeX\tex/generic/babel\txtbabel.def)
\bbl@readstream=\read2
)
\bbl@dirlevel=\count184

*************************************
* Local config file bblopts.cfg used
*
(C:\Users\PC\AppData\Local\Programs\MiKTeX\tex/latex/arabi\bblopts.cfg
File: bblopts.cfg 2005/09/08 v0.1 add Arabic and Farsi to "declared" options of
 babel
)
(C:\Users\PC\AppData\Local\Programs\MiKTeX\tex/latex/babel-german\ngerman.ldf
Language: ngerman 2020/07/21 v2.12 German support for babel (post-1996 orthogra
phy)

(C:\Users\PC\AppData\Local\Programs\MiKTeX\tex/latex/babel-german\ngermanb.ldf
Language: ngermanb 2020/07/21 v2.12 German support for babel (post-1996 orthogr
aphy)
Package babel Info: Making " an active character on input line 121.
))) (C:\Users\PC\AppData\Local\Programs\MiKTeX\tex/latex/base\fontenc.sty
Package: fontenc 2020/08/10 v2.0s Standard LaTeX package
)
(C:\Users\PC\AppData\Local\Programs\MiKTeX\tex/latex/geometry\geometry.sty
Package: geometry 2020/01/02 v5.9 Page Geometry

(C:\Users\PC\AppData\Local\Programs\MiKTeX\tex/latex/graphics\keyval.sty
Package: keyval 2014/10/28 v1.15 key=value parser (DPC)
\KV@toks@=\toks15
)
(C:\Users\PC\AppData\Local\Programs\MiKTeX\tex/generic/iftex\ifvtex.sty
Package: ifvtex 2019/10/25 v1.7 ifvtex legacy package. Use iftex instead.

(C:\Users\PC\AppData\Local\Programs\MiKTeX\tex/generic/iftex\iftex.sty
Package: iftex 2020/03/06 v1.0d TeX engine tests
))
\Gm@cnth=\count185
\Gm@cntv=\count186
\c@Gm@tempcnt=\count187
\Gm@bindingoffset=\dimen140
\Gm@wd@mp=\dimen141
\Gm@odd@mp=\dimen142
\Gm@even@mp=\dimen143
\Gm@layoutwidth=\dimen144
\Gm@layoutheight=\dimen145
\Gm@layouthoffset=\dimen146
\Gm@layoutvoffset=\dimen147
\Gm@dimlist=\toks16

(C:\Users\PC\AppData\Local\Programs\MiKTeX\tex/latex/geometry\geometry.cfg))
(C:\Users\PC\AppData\Local\Programs\MiKTeX\tex/latex/graphics\graphicx.sty
Package: graphicx 2020/09/09 v1.2b Enhanced LaTeX Graphics (DPC,SPQR)

(C:\Users\PC\AppData\Local\Programs\MiKTeX\tex/latex/graphics\graphics.sty
Package: graphics 2020/08/30 v1.4c Standard LaTeX Graphics (DPC,SPQR)

(C:\Users\PC\AppData\Local\Programs\MiKTeX\tex/latex/graphics\trig.sty
Package: trig 2016/01/03 v1.10 sin cos tan (DPC)
)
(C:\Users\PC\AppData\Local\Programs\MiKTeX\tex/latex/graphics-cfg\graphics.cfg
File: graphics.cfg 2016/06/04 v1.11 sample graphics configuration
)
Package graphics Info: Driver file: pdftex.def on input line 105.
(C:\Users\PC\AppData\Local\Programs\MiKTeX\tex/latex/graphics-def\pdftex.def
File: pdftex.def 2020/10/05 v1.2a Graphics/color driver for pdftex
))
\Gin@req@height=\dimen148
\Gin@req@width=\dimen149
) (C:\Users\PC\AppData\Local\Programs\MiKTeX\tex/latex/pdfpages\pdfpages.sty
Package: pdfpages 2020/01/28 v0.5q Insert pages of external PDF documents (AM)

(C:\Users\PC\AppData\Local\Programs\MiKTeX\tex/latex/base\ifthen.sty
Package: ifthen 2014/09/29 v1.1c Standard LaTeX ifthen package (DPC)
)
(C:\Users\PC\AppData\Local\Programs\MiKTeX\tex/latex/tools\calc.sty
Package: calc 2017/05/25 v4.3 Infix arithmetic (KKT,FJ)
\calc@Acount=\count188
\calc@Bcount=\count189
\calc@Adimen=\dimen150
\calc@Bdimen=\dimen151
\calc@Askip=\skip49
\calc@Bskip=\skip50
LaTeX Info: Redefining \setlength on input line 80.
LaTeX Info: Redefining \addtolength on input line 81.
\calc@Ccount=\count190
\calc@Cskip=\skip51
)
(C:\Users\PC\AppData\Local\Programs\MiKTeX\tex/latex/eso-pic\eso-pic.sty
Package: eso-pic 2020/09/27 v2.0i eso-pic (RN)

(C:\Users\PC\AppData\Local\Programs\MiKTeX\tex/latex/base\atbegshi-ltx.sty
Package: atbegshi-ltx 2020/08/17 v1.0a Emulation of the original atbegshi packa
ge
with kernel methods
)
\ESO@tempdima=\dimen152
\ESO@tempdimb=\dimen153

(C:\Users\PC\AppData\Local\Programs\MiKTeX\tex/latex/xcolor\xcolor.sty
Package: xcolor 2016/05/11 v2.12 LaTeX color extensions (UK)

(C:\Users\PC\AppData\Local\Programs\MiKTeX\tex/latex/graphics-cfg\color.cfg
File: color.cfg 2016/01/02 v1.6 sample color configuration
)
Package xcolor Info: Driver file: pdftex.def on input line 225.
Package xcolor Info: Model `cmy' substituted by `cmy0' on input line 1348.
Package xcolor Info: Model `hsb' substituted by `rgb' on input line 1352.
Package xcolor Info: Model `RGB' extended on input line 1364.
Package xcolor Info: Model `HTML' substituted by `rgb' on input line 1366.
Package xcolor Info: Model `Hsb' substituted by `hsb' on input line 1367.
Package xcolor Info: Model `tHsb' substituted by `hsb' on input line 1368.
Package xcolor Info: Model `HSB' substituted by `hsb' on input line 1369.
Package xcolor Info: Model `Gray' substituted by `gray' on input line 1370.
Package xcolor Info: Model `wave' substituted by `hsb' on input line 1371.
))
\AM@pagewidth=\dimen154
\AM@pageheight=\dimen155

(C:\Users\PC\AppData\Local\Programs\MiKTeX\tex/latex/pdfpages\pppdftex.def
File: pppdftex.def 2020/01/28 v0.5q Pdfpages driver for pdfTeX (AM)
)
\AM@pagebox=\box47
\AM@global@opts=\toks17
\AM@pagecnt=\count191
\AM@toc@title=\toks18
\c@AM@survey=\count192
\AM@templatesizebox=\box48
)
(C:\Users\PC\AppData\Local\Programs\MiKTeX\tex/latex/tabto-ltx\tabto.sty
Package: tabto 2018/12/28  v 1.4  Another tabbing mechanism
\CurrentLineWidth=\dimen156
\TabPrevPos=\dimen157
)
(C:\Users\PC\AppData\Local\Programs\MiKTeX\tex/latex/setspace\setspace.sty
Package: setspace 2011/12/19 v6.7a set line spacing
)
(C:\Users\PC\AppData\Local\Programs\MiKTeX\tex/latex/amsmath\amsmath.sty
Package: amsmath 2020/09/23 v2.17i AMS math features
\@mathmargin=\skip52

For additional information on amsmath, use the `?' option.
(C:\Users\PC\AppData\Local\Programs\MiKTeX\tex/latex/amsmath\amstext.sty
Package: amstext 2000/06/29 v2.01 AMS text

(C:\Users\PC\AppData\Local\Programs\MiKTeX\tex/latex/amsmath\amsgen.sty
File: amsgen.sty 1999/11/30 v2.0 generic functions
\@emptytoks=\toks19
\ex@=\dimen158
))
(C:\Users\PC\AppData\Local\Programs\MiKTeX\tex/latex/amsmath\amsbsy.sty
Package: amsbsy 1999/11/29 v1.2d Bold Symbols
\pmbraise@=\dimen159
)
(C:\Users\PC\AppData\Local\Programs\MiKTeX\tex/latex/amsmath\amsopn.sty
Package: amsopn 2016/03/08 v2.02 operator names
)
\inf@bad=\count193
LaTeX Info: Redefining \frac on input line 234.
\uproot@=\count194
\leftroot@=\count195
LaTeX Info: Redefining \overline on input line 399.
\classnum@=\count196
\DOTSCASE@=\count197
LaTeX Info: Redefining \ldots on input line 496.
LaTeX Info: Redefining \dots on input line 499.
LaTeX Info: Redefining \cdots on input line 620.
\Mathstrutbox@=\box49
\strutbox@=\box50
\big@size=\dimen160
LaTeX Font Info:    Redeclaring font encoding OML on input line 743.
LaTeX Font Info:    Redeclaring font encoding OMS on input line 744.
\macc@depth=\count198
\c@MaxMatrixCols=\count199
\dotsspace@=\muskip16
\c@parentequation=\count266
\dspbrk@lvl=\count267
\tag@help=\toks20
\row@=\count268
\column@=\count269
\maxfields@=\count270
\andhelp@=\toks21
\eqnshift@=\dimen161
\alignsep@=\dimen162
\tagshift@=\dimen163
\tagwidth@=\dimen164
\totwidth@=\dimen165
\lineht@=\dimen166
\@envbody=\toks22
\multlinegap=\skip53
\multlinetaggap=\skip54
\mathdisplay@stack=\toks23
LaTeX Info: Redefining \[ on input line 2923.
LaTeX Info: Redefining \] on input line 2924.
)
(C:\Users\PC\AppData\Local\Programs\MiKTeX\tex/latex/l3backend\l3backend-pdftex
.def
File: l3backend-pdftex.def 2020-09-24 L3 backend support: PDF output (pdfTeX)
\l__kernel_color_stack_int=\count271
\l__pdf_internal_box=\box51
) ("Projektarbeit - Main.aux")
\openout1 = `"Projektarbeit - Main.aux"'.

LaTeX Font Info:    Checking defaults for OML/cmm/m/it on input line 11.
LaTeX Font Info:    ... okay on input line 11.
LaTeX Font Info:    Checking defaults for OMS/cmsy/m/n on input line 11.
LaTeX Font Info:    ... okay on input line 11.
LaTeX Font Info:    Checking defaults for OT1/cmr/m/n on input line 11.
LaTeX Font Info:    ... okay on input line 11.
LaTeX Font Info:    Checking defaults for T1/cmr/m/n on input line 11.
LaTeX Font Info:    ... okay on input line 11.
LaTeX Font Info:    Checking defaults for TS1/cmr/m/n on input line 11.
LaTeX Font Info:    ... okay on input line 11.
LaTeX Font Info:    Checking defaults for OMX/cmex/m/n on input line 11.
LaTeX Font Info:    ... okay on input line 11.
LaTeX Font Info:    Checking defaults for U/cmr/m/n on input line 11.
LaTeX Font Info:    ... okay on input line 11.

*geometry* driver: auto-detecting
*geometry* detected driver: pdftex
*geometry* verbose mode - [ preamble ] result:
* driver: pdftex
* paper: a4paper
* layout: <same size as paper>
* layoutoffset:(h,v)=(0.0pt,0.0pt)
* modes: twoside 
* h-part:(L,W,R)=(56.9055pt, 455.24411pt, 85.35826pt)
* v-part:(T,H,B)=(101.40665pt, 591.5302pt, 152.11pt)
* \paperwidth=597.50787pt
* \paperheight=845.04684pt
* \textwidth=455.24411pt
* \textheight=591.5302pt
* \oddsidemargin=-15.36449pt
* \evensidemargin=13.08827pt
* \topmargin=-7.86334pt
* \headheight=12.0pt
* \headsep=25.0pt
* \topskip=11.0pt
* \footskip=30.0pt
* \marginparwidth=103.0pt
* \marginparsep=10.0pt
* \columnsep=10.0pt
* \skip\footins=10.0pt plus 4.0pt minus 2.0pt
* \hoffset=0.0pt
* \voffset=0.0pt
* \mag=1000
* \@twocolumnfalse
* \@twosidetrue
* \@mparswitchtrue
* \@reversemarginfalse
* (1in=72.27pt=25.4mm, 1cm=28.453pt)

(C:\Users\PC\AppData\Local\Programs\MiKTeX\tex/context/base/mkii\supp-pdf.mkii
[Loading MPS to PDF converter (version 2006.09.02).]
\scratchcounter=\count272
\scratchdimen=\dimen167
\scratchbox=\box52
\nofMPsegments=\count273
\nofMParguments=\count274
\everyMPshowfont=\toks24
\MPscratchCnt=\count275
\MPscratchDim=\dimen168
\MPnumerator=\count276
\makeMPintoPDFobject=\count277
\everyMPtoPDFconversion=\toks25
)
(C:\Users\PC\AppData\Local\Programs\MiKTeX\tex/latex/epstopdf-pkg\epstopdf-base
.sty
Package: epstopdf-base 2020-01-24 v2.11 Base part for package epstopdf

(C:\Users\PC\AppData\Local\Programs\MiKTeX\tex/generic/infwarerr\infwarerr.sty
Package: infwarerr 2019/12/03 v1.5 Providing info/warning/error messages (HO)
) (C:\Users\PC\AppData\Local\Programs\MiKTeX\tex/latex/grfext\grfext.sty
Package: grfext 2019/12/03 v1.3 Manage graphics extensions (HO)

(C:\Users\PC\AppData\Local\Programs\MiKTeX\tex/generic/kvdefinekeys\kvdefinekey
s.sty
Package: kvdefinekeys 2019-12-19 v1.6 Define keys (HO)
))
(C:\Users\PC\AppData\Local\Programs\MiKTeX\tex/latex/kvoptions\kvoptions.sty
Package: kvoptions 2020-10-07 v3.14 Key value format for package options (HO)

(C:\Users\PC\AppData\Local\Programs\MiKTeX\tex/generic/ltxcmds\ltxcmds.sty
Package: ltxcmds 2020-05-10 v1.25 LaTeX kernel commands for general use (HO)
)
(C:\Users\PC\AppData\Local\Programs\MiKTeX\tex/generic/kvsetkeys\kvsetkeys.sty
Package: kvsetkeys 2019/12/15 v1.18 Key value parser (HO)
))
(C:\Users\PC\AppData\Local\Programs\MiKTeX\tex/generic/pdftexcmds\pdftexcmds.st
y
Package: pdftexcmds 2020-06-27 v0.33 Utility functions of pdfTeX for LuaTeX (HO
)
Package pdftexcmds Info: \pdf@primitive is available.
Package pdftexcmds Info: \pdf@ifprimitive is available.
Package pdftexcmds Info: \pdfdraftmode found.
)
Package epstopdf-base Info: Redefining graphics rule for `.eps' on input line 4
85.
Package grfext Info: Graphics extension search list:
(grfext)             [.pdf,.png,.jpg,.mps,.jpeg,.jbig2,.jb2,.PDF,.PNG,.JPG,.JPE
G,.JBIG2,.JB2,.eps]
(grfext)             \AppendGraphicsExtensions on input line 504.
)
(C:\Users\PC\AppData\Local\Programs\MiKTeX\tex/latex/pdflscape\pdflscape.sty
Package: pdflscape 2019/12/05 v0.12 Display of landscape pages in PDF (HO)

(C:\Users\PC\AppData\Local\Programs\MiKTeX\tex/latex/graphics\lscape.sty
Package: lscape 2020/05/28 v3.02 Landscape Pages (DPC)
)
Package pdflscape Info: Auto-detected driver: pdftex on input line 81.
)
("Projektarbeit - Deckblatt.tex") ("Projektarbeit - Aufgabenstellung.tex"
<PDFs/Aufgabenstellung Gruppe 2.pdf, id=1, 597.55246pt x 845.07718pt>
File: PDFs/Aufgabenstellung Gruppe 2.pdf Graphic file (type pdf)
<use PDFs/Aufgabenstellung Gruppe 2.pdf>
Package pdftex.def Info: PDFs/Aufgabenstellung Gruppe 2.pdf  used on input line
 2.
(pdftex.def)             Requested size: 597.551pt x 845.07512pt.
File: PDFs/Aufgabenstellung Gruppe 2.pdf Graphic file (type pdf)
<use PDFs/Aufgabenstellung Gruppe 2.pdf>
Package pdftex.def Info: PDFs/Aufgabenstellung Gruppe 2.pdf  used on input line
 2.
(pdftex.def)             Requested size: 597.551pt x 845.07512pt.
<PDFs/Aufgabenstellung Gruppe 2.pdf, id=4, page=1, 597.55246pt x 845.07718pt>
File: PDFs/Aufgabenstellung Gruppe 2.pdf Graphic file (type pdf)
<use PDFs/Aufgabenstellung Gruppe 2.pdf, page 1>
Package pdftex.def Info: PDFs/Aufgabenstellung Gruppe 2.pdf , page1 used on inp
ut line 2.
(pdftex.def)             Requested size: 597.551pt x 845.07512pt.
File: PDFs/Aufgabenstellung Gruppe 2.pdf Graphic file (type pdf)
<use PDFs/Aufgabenstellung Gruppe 2.pdf, page 1>
Package pdftex.def Info: PDFs/Aufgabenstellung Gruppe 2.pdf , page1 used on inp
ut line 2.
(pdftex.def)             Requested size: 597.57834pt x 845.1138pt.

[1

{C:/Users/PC/AppData/Local/MiKTeX/pdftex/config/pdftex.map}]
File: PDFs/Aufgabenstellung Gruppe 2.pdf Graphic file (type pdf)
<use PDFs/Aufgabenstellung Gruppe 2.pdf, page 1>
Package pdftex.def Info: PDFs/Aufgabenstellung Gruppe 2.pdf , page1 used on inp
ut line 2.
(pdftex.def)             Requested size: 597.57834pt x 845.1138pt.
File: PDFs/Aufgabenstellung Gruppe 2.pdf Graphic file (type pdf)
<use PDFs/Aufgabenstellung Gruppe 2.pdf, page 1>
Package pdftex.def Info: PDFs/Aufgabenstellung Gruppe 2.pdf , page1 used on inp
ut line 2.
(pdftex.def)             Requested size: 597.57834pt x 845.1138pt.
File: PDFs/Aufgabenstellung Gruppe 2.pdf Graphic file (type pdf)
<use PDFs/Aufgabenstellung Gruppe 2.pdf, page 1>
Package pdftex.def Info: PDFs/Aufgabenstellung Gruppe 2.pdf , page1 used on inp
ut line 2.
(pdftex.def)             Requested size: 597.57834pt x 845.1138pt.
 [2 <./PDFs/Aufgabenstellung Gruppe 2.pdf>]
<PDFs/Aufgabenstellung Gruppe 2.pdf, id=50, page=2, 597.55246pt x 845.07718pt>
File: PDFs/Aufgabenstellung Gruppe 2.pdf Graphic file (type pdf)
<use PDFs/Aufgabenstellung Gruppe 2.pdf, page 2>
Package pdftex.def Info: PDFs/Aufgabenstellung Gruppe 2.pdf , page2 used on inp
ut line 2.
(pdftex.def)             Requested size: 597.57834pt x 845.1138pt.
File: PDFs/Aufgabenstellung Gruppe 2.pdf Graphic file (type pdf)
<use PDFs/Aufgabenstellung Gruppe 2.pdf, page 2>
Package pdftex.def Info: PDFs/Aufgabenstellung Gruppe 2.pdf , page2 used on inp
ut line 2.
(pdftex.def)             Requested size: 597.57834pt x 845.1138pt.
File: PDFs/Aufgabenstellung Gruppe 2.pdf Graphic file (type pdf)
<use PDFs/Aufgabenstellung Gruppe 2.pdf, page 2>
Package pdftex.def Info: PDFs/Aufgabenstellung Gruppe 2.pdf , page2 used on inp
ut line 2.
(pdftex.def)             Requested size: 597.57834pt x 845.1138pt.
 [3 <./PDFs/Aufgabenstellung Gruppe 2.pdf>]
<PDFs/Aufgabenstellung Gruppe 2.pdf, id=66, page=3, 597.55246pt x 845.07718pt>
File: PDFs/Aufgabenstellung Gruppe 2.pdf Graphic file (type pdf)
<use PDFs/Aufgabenstellung Gruppe 2.pdf, page 3>
Package pdftex.def Info: PDFs/Aufgabenstellung Gruppe 2.pdf , page3 used on inp
ut line 2.
(pdftex.def)             Requested size: 597.57834pt x 845.1138pt.
File: PDFs/Aufgabenstellung Gruppe 2.pdf Graphic file (type pdf)
<use PDFs/Aufgabenstellung Gruppe 2.pdf, page 3>
Package pdftex.def Info: PDFs/Aufgabenstellung Gruppe 2.pdf , page3 used on inp
ut line 2.
(pdftex.def)             Requested size: 597.57834pt x 845.1138pt.
File: PDFs/Aufgabenstellung Gruppe 2.pdf Graphic file (type pdf)
<use PDFs/Aufgabenstellung Gruppe 2.pdf, page 3>
Package pdftex.def Info: PDFs/Aufgabenstellung Gruppe 2.pdf , page3 used on inp
ut line 2.
(pdftex.def)             Requested size: 597.57834pt x 845.1138pt.
 [4 <./PDFs/Aufgabenstellung Gruppe 2.pdf>]
<PDFs/Aufgabenstellung Gruppe 2.pdf, id=74, page=4, 597.55246pt x 845.07718pt>
File: PDFs/Aufgabenstellung Gruppe 2.pdf Graphic file (type pdf)
<use PDFs/Aufgabenstellung Gruppe 2.pdf, page 4>
Package pdftex.def Info: PDFs/Aufgabenstellung Gruppe 2.pdf , page4 used on inp
ut line 2.
(pdftex.def)             Requested size: 597.57834pt x 845.1138pt.
File: PDFs/Aufgabenstellung Gruppe 2.pdf Graphic file (type pdf)
<use PDFs/Aufgabenstellung Gruppe 2.pdf, page 4>
Package pdftex.def Info: PDFs/Aufgabenstellung Gruppe 2.pdf , page4 used on inp
ut line 2.
(pdftex.def)             Requested size: 597.57834pt x 845.1138pt.
File: PDFs/Aufgabenstellung Gruppe 2.pdf Graphic file (type pdf)
<use PDFs/Aufgabenstellung Gruppe 2.pdf, page 4>
Package pdftex.def Info: PDFs/Aufgabenstellung Gruppe 2.pdf , page4 used on inp
ut line 2.
(pdftex.def)             Requested size: 597.57834pt x 845.1138pt.
 [5 <./PDFs/Aufgabenstellung Gruppe 2.pdf>])
("Projektarbeit - √úbersicht.tex") ("Projektarbeit - Main.toc" [1] [2])
\tf@toc=\write3
\openout3 = `"Projektarbeit - Main.toc"'.


[3] ("Projektarbeit - Bezeichnungen.tex"
Overfull \hbox (112.69337pt too wide) in paragraph at lines 4--27
[][] 
 []


LaTeX Warning: `h' float specifier changed to `ht'.


Overfull \hbox (5.53725pt too wide) in paragraph at lines 52--64
[][] 
 []


LaTeX Warning: `h' float specifier changed to `ht'.


LaTeX Warning: `h' float specifier changed to `ht'.

) [4] [5] [6] ("Projektarbeit - Einleitung.tex"
Underfull \hbox (badness 10000) in paragraph at lines 9--12

 []

[7]) [8] ("Projektarbeit - Grundlagen.tex" [9] [10] [11]
Underfull \hbox (badness 10000) in paragraph at lines 144--145

 []

[12] [13]
Underfull \vbox (badness 10000) has occurred while \output is active []

 [14]
Underfull \vbox (badness 6477) has occurred while \output is active []

 [15]
<Bilder/Schubknicken.png, id=142, 550.4565pt x 210.18526pt>
File: Bilder/Schubknicken.png Graphic file (type png)
<use Bilder/Schubknicken.png>
Package pdftex.def Info: Bilder/Schubknicken.png  used on input line 240.
(pdftex.def)             Requested size: 455.24411pt x 173.83473pt.

Underfull \vbox (badness 6592) has occurred while \output is active []

 [16]
Underfull \vbox (badness 4886) has occurred while \output is active []

 [17 <./Bilder/Schubknicken.png>]
<Bilder/Holmarten.png, id=149, 158.994pt x 52.998pt>
File: Bilder/Holmarten.png Graphic file (type png)
<use Bilder/Holmarten.png>
Package pdftex.def Info: Bilder/Holmarten.png  used on input line 261.
(pdftex.def)             Requested size: 455.24411pt x 151.77124pt.
) [18 <./Bilder/Holmarten.png>]
("Projektarbeit - Modellierung des Holms.tex"
Underfull \hbox (badness 10000) in paragraph at lines 2--3

 []


Underfull \hbox (badness 10000) in paragraph at lines 4--5

 []


Underfull \hbox (badness 10000) in paragraph at lines 6--8

 []


Underfull \hbox (badness 10000) in paragraph at lines 12--14

 []

[19]
Underfull \hbox (badness 10000) in paragraph at lines 15--16

 []


Overfull \hbox (4.57469pt too wide) in paragraph at lines 21--22
\T1/cmr/m/n/10.95 Das Ko-or-di-na-ten-sys-tem des Fl¸-gels ent-spricht ei-nem l
inks-h‰n-di-gem Flugzeug-Koordinatensystem,
 []


Underfull \hbox (badness 10000) in paragraph at lines 21--22

 []


Underfull \hbox (badness 10000) in paragraph at lines 23--24

 []


Underfull \hbox (badness 10000) in paragraph at lines 25--26

 []

[20]
<Bilder/Balkenmodell.jpg, id=161, 781.11826pt x 356.532pt>
File: Bilder/Balkenmodell.jpg Graphic file (type jpg)
<use Bilder/Balkenmodell.jpg>
Package pdftex.def Info: Bilder/Balkenmodell.jpg  used on input line 47.
(pdftex.def)             Requested size: 455.24411pt x 207.79514pt.

Underfull \hbox (badness 10000) in paragraph at lines 53--54

 []

[21 <./Bilder/Balkenmodell.jpg>]
Underfull \hbox (badness 10000) in paragraph at lines 70--71

 []


Underfull \hbox (badness 10000) in paragraph at lines 85--86

 []


Underfull \vbox (badness 10000) has occurred while \output is active []

 [22]
Underfull \hbox (badness 10000) in paragraph at lines 100--101

 []


Underfull \hbox (badness 10000) in paragraph at lines 108--109

 []


Underfull \hbox (badness 10000) in paragraph at lines 120--121

 []


Underfull \hbox (badness 10000) in paragraph at lines 132--133

 []


Underfull \hbox (badness 10000) in paragraph at lines 138--140

 []


Underfull \vbox (badness 10000) has occurred while \output is active []

 [23]
Underfull \hbox (badness 10000) in paragraph at lines 141--142

 []


Underfull \hbox (badness 10000) in paragraph at lines 149--150

 []


Overfull \hbox (11.14594pt too wide) detected at line 156
\OML/cmm/m/it/10.95 M\OT1/cmr/m/n/10.95 (\OML/cmm/m/it/10.95 y; F[]; F[]; EI[]\
OT1/cmr/m/n/10.95 ) = []
 []


Underfull \hbox (badness 10000) in paragraph at lines 156--157

 []


Overfull \hbox (63.92555pt too wide) detected at line 164
\OML/cmm/m/it/10.95 w\OT1/cmr/m/n/10.95 (\OML/cmm/m/it/10.95 y; F[]; F[]; EI[]\
OT1/cmr/m/n/10.95 ) = []
 []


Underfull \hbox (badness 10000) in paragraph at lines 164--166

 []


Underfull \vbox (badness 10000) has occurred while \output is active []

 [24]
Overfull \hbox (33.81723pt too wide) detected at line 174
[]
 []


Overfull \hbox (30.76666pt too wide) in paragraph at lines 177--178
\T1/cmr/m/n/10.95 men-ten-ver-lauf $\OML/cmm/m/it/10.95 M\OT1/cmr/m/n/10.95 (\O
ML/cmm/m/it/10.95 y; F[]; F[]; EI[]\OT1/cmr/m/n/10.95 )$ \T1/cmr/m/n/10.95 als 
in-ne-res Schnitt-mo-ment und die Bie-ge-li-nie $\OML/cmm/m/it/10.95 w\OT1/cmr/
m/n/10.95 (\OML/cmm/m/it/10.95 y; F[]; F[]; EI[]\OT1/cmr/m/n/10.95 )$
 []


Underfull \hbox (badness 10000) in paragraph at lines 177--178

 []

<Bilder/Grafiken Steifigkeit.png, id=174, 534.798pt x 476.982pt>
File: Bilder/Grafiken Steifigkeit.png Graphic file (type png)
<use Bilder/Grafiken Steifigkeit.png>
Package pdftex.def Info: Bilder/Grafiken Steifigkeit.png  used on input line 18
0.
(pdftex.def)             Requested size: 455.24411pt x 406.0334pt.
<Bilder/Grafiken Festigkeit.png, id=176, 532.99126pt x 471.56175pt>
File: Bilder/Grafiken Festigkeit.png Graphic file (type png)
<use Bilder/Grafiken Festigkeit.png>
Package pdftex.def Info: Bilder/Grafiken Festigkeit.png  used on input line 187
.
(pdftex.def)             Requested size: 455.24411pt x 402.78653pt.
) [25] [26 <./Bilder/Grafiken Steifigkeit.png>] [27 <./Bilder/Grafiken Festigke
it.png>] ("Projektarbeit - VDI2013.tex"
Underfull \hbox (badness 10000) in paragraph at lines 7--9

 []

<Bilder/RechteckHolm.jpg, id=189, 963.6pt x 542.025pt>
File: Bilder/RechteckHolm.jpg Graphic file (type jpg)
<use Bilder/RechteckHolm.jpg>
Package pdftex.def Info: Bilder/RechteckHolm.jpg  used on input line 11.
(pdftex.def)             Requested size: 455.24411pt x 256.07507pt.

LaTeX Warning: `h' float specifier changed to `ht'.


Underfull \hbox (badness 10000) in paragraph at lines 16--18

 []

[28]
Underfull \hbox (badness 10000) in paragraph at lines 32--33

 []


Underfull \vbox (badness 1205) has occurred while \output is active []

 [29 <./Bilder/RechteckHolm.jpg>]
Underfull \hbox (badness 10000) in paragraph at lines 50--51

 []


Underfull \hbox (badness 10000) in paragraph at lines 52--54

 []

[30]
Underfull \hbox (badness 10000) in paragraph at lines 60--61

 []

<Bilder/KrummerGurt.jpg, id=199, 1160.83687pt x 342.27875pt>
File: Bilder/KrummerGurt.jpg Graphic file (type jpg)
<use Bilder/KrummerGurt.jpg>
Package pdftex.def Info: Bilder/KrummerGurt.jpg  used on input line 66.
(pdftex.def)             Requested size: 455.24411pt x 134.2298pt.

Underfull \hbox (badness 10000) in paragraph at lines 75--77

 []

[31 <./Bilder/KrummerGurt.jpg>]
Underfull \hbox (badness 10000) in paragraph at lines 78--79

 []


Underfull \hbox (badness 10000) in paragraph at lines 85--87

 []


Underfull \hbox (badness 10000) in paragraph at lines 89--90

 []

[32]
Underfull \hbox (badness 10000) in paragraph at lines 98--101

 []

<Bilder/Abtriebskraft.jpg, id=207, 535.2497pt x 222.8325pt>
File: Bilder/Abtriebskraft.jpg Graphic file (type jpg)
<use Bilder/Abtriebskraft.jpg>
Package pdftex.def Info: Bilder/Abtriebskraft.jpg  used on input line 117.
(pdftex.def)             Requested size: 455.24411pt x 189.53432pt.

LaTeX Warning: `h' float specifier changed to `ht'.


Underfull \hbox (badness 10000) in paragraph at lines 121--122

 []


Underfull \vbox (badness 6252) has occurred while \output is active []

 [33]
Underfull \vbox (badness 5119) has occurred while \output is active []

 [34 <./Bilder/Abtriebskraft.jpg>]
Underfull \hbox (badness 10000) in paragraph at lines 133--134

 []


Underfull \hbox (badness 10000) in paragraph at lines 136--138

 []

)
Underfull \hbox (badness 10000) in paragraph at lines 139--45

 []

[35] ("Auslegung nach Puck.tex"

LaTeX Warning: Command \textdegree invalid in math mode on input line 2.


LaTeX Warning: Command \textdegree invalid in math mode on input line 2.

Missing character: There is no ∞ in font cmr10!

Underfull \hbox (badness 10000) in paragraph at lines 2--3

 []


Underfull \hbox (badness 10000) in paragraph at lines 4--5

 []


Underfull \hbox (badness 10000) in paragraph at lines 6--19

 []


Underfull \hbox (badness 10000) in paragraph at lines 23--24

 []

[36]
Underfull \hbox (badness 10000) in paragraph at lines 41--42

 []


Underfull \hbox (badness 10000) in paragraph at lines 62--63

 []


Underfull \hbox (badness 10000) in paragraph at lines 73--74

 []


Underfull \hbox (badness 10000) in paragraph at lines 78--79

 []


LaTeX Warning: Command \textdegree invalid in math mode on input line 86.


LaTeX Warning: Command \textdegree invalid in math mode on input line 86.

Missing character: There is no ∞ in font cmr10!

Underfull \hbox (badness 10000) in paragraph at lines 87--88

 []

[37]

LaTeX Warning: Command \textdegree invalid in math mode on input line 94.


LaTeX Warning: Command \textdegree invalid in math mode on input line 94.

Missing character: There is no ∞ in font cmr10!

Underfull \hbox (badness 10000) in paragraph at lines 95--96

 []


Underfull \hbox (badness 10000) in paragraph at lines 131--132

 []


Overfull \hbox (11.20679pt too wide) in paragraph at lines 133--134
\T1/cmr/m/n/10.95 Aus die-sen Ma-tri-zen l‰sst sich nun das  \T1/cmr/m/it/10.95
 Elas-ti-zi-t‰ts-ge-setz des kom-bi-nier-ten Scheiben-Plattenelements
 []


Underfull \hbox (badness 10000) in paragraph at lines 148--149

 []

[38]
Underfull \hbox (badness 10000) in paragraph at lines 172--173

 []


Underfull \hbox (badness 10000) in paragraph at lines 174--187

 []


Underfull \hbox (badness 10000) in paragraph at lines 188--189

 []


Underfull \hbox (badness 10000) in paragraph at lines 190--201

 []


Underfull \vbox (badness 8075) has occurred while \output is active []

 [39]
Underfull \hbox (badness 10000) in paragraph at lines 202--203

 []


Underfull \hbox (badness 10000) in paragraph at lines 204--205

 []


Underfull \hbox (badness 10000) in paragraph at lines 206--208

 []


Underfull \hbox (badness 10000) in paragraph at lines 209--210

 []


Underfull \vbox (badness 2401) has occurred while \output is active []

 [40])
[41] ("Projektarbeit - Beulabsch√§tzung des Holms.tex"
Underfull \hbox (badness 10000) in paragraph at lines 2--3

 []


Underfull \hbox (badness 10000) in paragraph at lines 4--5

 []


Underfull \hbox (badness 10000) in paragraph at lines 6--7

 []

[42]
Underfull \hbox (badness 10000) in paragraph at lines 26--28

 []

[43]
Underfull \hbox (badness 10000) in paragraph at lines 68--69

 []


Underfull \hbox (badness 10000) in paragraph at lines 74--75

 []

[44]
Underfull \vbox (badness 10000) has occurred while \output is active []

 [45]
Underfull \hbox (badness 10000) in paragraph at lines 120--122

 []


Underfull \hbox (badness 10000) in paragraph at lines 148--150

 []


Underfull \vbox (badness 10000) has occurred while \output is active []

 [46])
Underfull \vbox (badness 10000) has occurred while \output is active []

 [47]
[48] ("Projektarbeit - Auslegung der Verklebungen.tex"
Underfull \hbox (badness 10000) in paragraph at lines 14--16

 []

[49]) [50] (Bolzenberechnung.tex
Underfull \vbox (badness 10000) has occurred while \output is active []

 [51]
Underfull \hbox (badness 10000) in paragraph at lines 61--63

 []

) [52] (Schubmittelpunkt.tex
<Bilder/schubfluss-infinit.png, id=271, 592.01175pt x 298.716pt>
File: Bilder/schubfluss-infinit.png Graphic file (type png)
<use Bilder/schubfluss-infinit.png>
Package pdftex.def Info: Bilder/schubfluss-infinit.png  used on input line 24.
(pdftex.def)             Requested size: 455.24411pt x 229.70663pt.
 [53]
Underfull \vbox (badness 10000) has occurred while \output is active []

 [54 <./Bilder/schubfluss-infinit.png>] [55]
<Bilder/Model1.png, id=281, 808.82175pt x 422.7795pt>
File: Bilder/Model1.png Graphic file (type png)
<use Bilder/Model1.png>
Package pdftex.def Info: Bilder/Model1.png  used on input line 58.
(pdftex.def)             Requested size: 455.24411pt x 237.96124pt.
 [56 <./Bilder/Model1.png>]
Underfull \vbox (badness 10000) has occurred while \output is active []

 [57]
Underfull \vbox (badness 10000) has occurred while \output is active []

 [58]
<Bilder/Fl√ºgel-Pol-offen.png, id=292, 541.42274pt x 233.07076pt>
File: Bilder/Fl√ºgel-Pol-offen.png Graphic file (type png)
<use Bilder/Fl√ºgel-Pol-offen.png>
Package pdftex.def Info: Bilder/Fl√ºgel-Pol-offen.png  used on input line 183.
(pdftex.def)             Requested size: 455.24411pt x 195.97725pt.


LaTeX Warning: `h' float specifier changed to `ht'.

[59] [60 <./Bilder/Fl√ºgel-Pol-offen.png>]
<Bilder/SMP.png, id=299, 1019.60925pt x 348.1005pt>
File: Bilder/SMP.png Graphic file (type png)
<use Bilder/SMP.png>
Package pdftex.def Info: Bilder/SMP.png  used on input line 260.
(pdftex.def)             Requested size: 455.24411pt x 155.4221pt.


LaTeX Warning: `h' float specifier changed to `ht'.

<Bilder/Torsion.png, id=300, 1007.56425pt x 358.33875pt>
File: Bilder/Torsion.png Graphic file (type png)
<use Bilder/Torsion.png>
Package pdftex.def Info: Bilder/Torsion.png  used on input line 266.
(pdftex.def)             Requested size: 455.24411pt x 161.90707pt.

LaTeX Warning: `h' float specifier changed to `ht'.

[61]
Underfull \vbox (badness 10000) has occurred while \output is active []

 [62 <./Bilder/SMP.png> <./Bilder/Torsion.png>] [63]) [64]
("Projektarbeit - Auslegung der Fl√ºgelschale nach CLT.tex"
Underfull \hbox (badness 10000) in paragraph at lines 3--4

 []

) [65] ("Projektarbeit - Beulabsch√§tzung Fl√ºgelschale.tex"
Underfull \hbox (badness 10000) in paragraph at lines 1--2

 []


Underfull \hbox (badness 10000) in paragraph at lines 14--15

 []


Overfull \hbox (13.1534pt too wide) in paragraph at lines 23--24
\T1/cmr/m/n/10.95 ermittelt. Auch hier be-tr‰gt die Stei-fig-keits-er-hˆ-hung $
\OML/cmm/m/it/10.95  \OT1/cmr/m/n/10.95 = 3$ \T1/cmr/m/n/10.95 und der Schub-m
o-dul $\OML/cmm/m/it/10.95 G[] \OT1/cmr/m/n/10.95 = 8577\OML/cmm/m/it/10.95 ; \
OT1/cmr/m/n/10.95 8\OML/cmm/m/it/10.95 MPa$\T1/cmr/m/n/10.95 .
 []

[66]) [67] ("Projektarbeit - FEM.tex"
Overfull \hbox (79.55103pt too wide) in paragraph at lines 5--6
\T1/cmr/m/n/10.95 F¸r die Be-rech-nung der Elas-to-sta-tik sind die Gleich-ge-w
ichts-be-din-gung (6.1[]), Verzerrungs-Verschiebungsbedingung
 []

[68]) [69] (abaqus.tex
<Bilder/Fl√ºgel_ABAQUS.png, id=330, 831.105pt x 478.78876pt>
File: Bilder/Fl√ºgel_ABAQUS.png Graphic file (type png)
<use Bilder/Fl√ºgel_ABAQUS.png>
Package pdftex.def Info: Bilder/Fl√ºgel_ABAQUS.png  used on input line 8.
(pdftex.def)             Requested size: 332.43611pt x 191.5121pt.
 [70 <./Bilder/Fl√ºgel_ABAQUS.png>]
Underfull \hbox (badness 10000) in paragraph at lines 13--20

 []

[71]
<Bilder/Absenkung_100N.png, id=338, 590.205pt x 391.4625pt>
File: Bilder/Absenkung_100N.png Graphic file (type png)
<use Bilder/Absenkung_100N.png>
Package pdftex.def Info: Bilder/Absenkung_100N.png  used on input line 25.
(pdftex.def)             Reques