This is pdfTeX, Version 3.14159265-2.6-1.40.21 (MiKTeX 20.11) (preloaded format=pdflatex 2020.11.4)  10 DEC 2020 22:31
entering extended mode
**"./Projektarbeit - Quellenverzeichnis.tex"
("Projektarbeit - Quellenverzeichnis.tex"
LaTeX2e <2020-10-01> patch level 2
L3 programming layer <2020-10-27> xparse <2020-03-03>

! LaTeX Error: Environment thebibliography undefined.

See the LaTeX manual or LaTeX Companion for explanation.
Type  H <return>  for immediate help.
 ...                                              
                                                  
l.1 \begin{thebibliography}
                           {99}
Your command was ignored.
Type  I <command> <return>  to replace it with another command,
or  <return>  to continue without it.


! LaTeX Error: Missing \begin{document}.

See the LaTeX manual or LaTeX Companion for explanation.
Type  H <return>  for immediate help.
 ...                                              
                                                  
l.1 \begin{thebibliography}{9
                             9}
You're in trouble here.  Try typing  <return>  to proceed.
If that doesn't work, type  X <return>  to quit.

Missing character: There is no 9 in font nullfont!
Missing character: There is no 9 in font nullfont!

Overfull \hbox (20.0pt too wide) in paragraph at lines 1--2
[] 
 []


! LaTeX Error: Lonely \item--perhaps a missing list environment.

See the LaTeX manual or LaTeX Companion for explanation.
Type  H <return>  for immediate help.
 ...                                              
                                                  
l.2 	\bibitem{item1}
                    
Try typing  <return>  to proceed.
If that doesn't work, type  X <return>  to quit.

! Undefined control sequence.
<argument> \@listctr 
                     
l.2 	\bibitem{item1}
                    
The control sequence at the end of the top line
of your error message was never \def'ed. If you have
misspelled it (e.g., `\hobx'), type `I' and the correct
spelling (e.g., `I\hbox'). Otherwise just continue,
and I'll forget about whatever was undefined.

! You can't use `\relax' after \the.
<recently read> \c@ 
                    
l.2 	\bibitem{item1}
                    
I'm forgetting what you said and using zero instead.

\bibcite{item1}{0}
Missing character: There is no H in font nullfont!
Missing character: There is no . in font nullfont!
Missing character: There is no H in font nullfont!
Missing character: There is no e in font nullfont!
Missing character: There is no r in font nullfont!
Missing character: There is no t in font nullfont!
Missing character: There is no e in font nullfont!
Missing character: There is no l in font nullfont!
Missing character: There is no : in font nullfont!
Missing character: There is no . in font nullfont!
Missing character: There is no S in font nullfont!
Missing character: There is no p in font nullfont!
Missing character: There is no r in font nullfont!
Missing character: There is no i in font nullfont!
Missing character: There is no n in font nullfont!
Missing character: There is no g in font nullfont!
Missing character: There is no e in font nullfont!
Missing character: There is no r in font nullfont!
Missing character: There is no V in font nullfont!
Missing character: There is no e in font nullfont!
Missing character: There is no r in font nullfont!
Missing character: There is no l in font nullfont!
Missing character: There is no a in font nullfont!
Missing character: There is no g in font nullfont!
Missing character: There is no B in font nullfont!
Missing character: There is no e in font nullfont!
Missing character: There is no r in font nullfont!
Missing character: There is no l in font nullfont!
Missing character: There is no i in font nullfont!
Missing character: There is no n in font nullfont!
Missing character: There is no / in font nullfont!
Missing character: There is no G in font nullfont!
LaTeX Font Info:    Trying to load font information for +cmr on input line 5.
LaTeX Font Info:    No file cmr.fd. on input line 5.

LaTeX Font Warning: Font shape `/cmr/m/n' undefined
(Font)              using `/cmr/m/n' instead on input line 5.

! Corrupted NFSS tables.
wrong@fontshape ...message {Corrupted NFSS tables}
                                                  error@fontshape else let f...
l.5 	Springer Verlag Berlin/Gö
                               ttingen/Heidelberg , 1960.
This error message was generated by an \errmessage
command, so I can't give any explicit help.
Pretend that you're Hercule Poirot: Examine all clues,
and deduce the truth by order and method.


LaTeX Font Warning: Font shape `/cmr/m/n' undefined
(Font)              using `OT1/cmr/m/n' instead on input line 5.

Missing character: There is no t in font nullfont!
Missing character: There is no t in font nullfont!
Missing character: There is no i in font nullfont!
Missing character: There is no n in font nullfont!
Missing character: There is no g in font nullfont!
Missing character: There is no e in font nullfont!
Missing character: There is no n in font nullfont!
Missing character: There is no / in font nullfont!
Missing character: There is no H in font nullfont!
Missing character: There is no e in font nullfont!
Missing character: There is no i in font nullfont!
Missing character: There is no d in font nullfont!
Missing character: There is no e in font nullfont!
Missing character: There is no l in font nullfont!
Missing character: There is no b in font nullfont!
Missing character: There is no e in font nullfont!
Missing character: There is no r in font nullfont!
Missing character: There is no g in font nullfont!
Missing character: There is no , in font nullfont!
Missing character: There is no 1 in font nullfont!
Missing character: There is no 9 in font nullfont!
Missing character: There is no 6 in font nullfont!
Missing character: There is no 0 in font nullfont!
Missing character: There is no . in font nullfont!

Overfull \hbox (13.93875pt too wide) in paragraph at lines 3--6
\OT1/cmr/m/it/10 Le-
 []


Overfull \hbox (19.67763pt too wide) in paragraph at lines 3--6
\OT1/cmr/m/it/10 icht-
 []


Overfull \hbox (134.69911pt too wide) in paragraph at lines 3--6
\OT1/cmr/m/it/10 bau:Bauelemente,Bemessungen
 []


Overfull \hbox (16.09991pt too wide) in paragraph at lines 3--6
\OT1/cmr/m/it/10 und
 []


Overfull \hbox (21.99986pt too wide) in paragraph at lines 3--6
\OT1/cmr/m/it/10 Kon-
 []


Overfull \hbox (25.17203pt too wide) in paragraph at lines 3--6
\OT1/cmr/m/it/10 struk-
 []


Overfull \hbox (15.07767pt too wide) in paragraph at lines 3--6
\OT1/cmr/m/it/10 tio-
 []


Overfull \hbox (15.84435pt too wide) in paragraph at lines 3--6
\OT1/cmr/m/it/10 nen
 []


Overfull \hbox (15.33324pt too wide) in paragraph at lines 3--6
\OT1/cmr/m/it/10 von
 []


Overfull \hbox (36.68307pt too wide) in paragraph at lines 3--6
\OT1/cmr/m/it/10 Flugzeu-
 []


Overfull \hbox (14.82211pt too wide) in paragraph at lines 3--6
\OT1/cmr/m/it/10 gen
 []


Overfull \hbox (16.61102pt too wide) in paragraph at lines 3--6
\OT1/cmr/m/it/10 u.a.
 []


Overfull \hbox (10.00003pt too wide) in paragraph at lines 3--6
\/cmr/m/n/10 o
 []


! LaTeX Error: Lonely \item--perhaps a missing list environment.

See the LaTeX manual or LaTeX Companion for explanation.
Type  H <return>  for immediate help.
 ...                                              
                                                  
l.7 	\bibitem{item2}
                    
Try typing  <return>  to proceed.
If that doesn't work, type  X <return>  to quit.

! Undefined control sequence.
<argument> \@listctr 
                     
l.7 	\bibitem{item2}
                    
The control sequence at the end of the top line
of your error message was never \def'ed. If you have
misspelled it (e.g., `\hobx'), type `I' and the correct
spelling (e.g., `I\hbox'). Otherwise just continue,
and I'll forget about whatever was undefined.

! You can't use `\relax' after \the.
<recently read> \c@ 
                    
l.7 	\bibitem{item2}
                    
I'm forgetting what you said and using zero instead.

\bibcite{item2}{0}
Missing character: There is no M in font nullfont!
Missing character: There is no i in font nullfont!
Missing character: There is no s in font nullfont!
Missing character: There is no e in font nullfont!
Missing character: There is no s in font nullfont!
Missing character: There is no , in font nullfont!
Missing character: There is no R in font nullfont!
Missing character: There is no . in font nullfont!
Missing character: There is no V in font nullfont!
Missing character: There is no . in font nullfont!
Missing character: There is no : in font nullfont!
Missing character: There is no . in font nullfont!
Missing character: There is no S in font nullfont!
Missing character: There is no p in font nullfont!
Missing character: There is no r in font nullfont!
Missing character: There is no i in font nullfont!
Missing character: There is no n in font nullfont!
Missing character: There is no g in font nullfont!
Missing character: There is no e in font nullfont!
Missing character: There is no r in font nullfont!
Missing character: There is no V in font nullfont!
Missing character: There is no e in font nullfont!
Missing character: There is no r in font nullfont!
Missing character: There is no l in font nullfont!
Missing character: There is no a in font nullfont!
Missing character: There is no g in font nullfont!
Missing character: There is no , in font nullfont!
Missing character: There is no 1 in font nullfont!
Missing character: There is no 9 in font nullfont!
Missing character: There is no 3 in font nullfont!
Missing character: There is no 6 in font nullfont!
Missing character: There is no . in font nullfont!

Overfull \hbox (18.02765pt too wide) in paragraph at lines 8--11
\OT1/cmr/m/it/10 Flu-
 []


Overfull \hbox (28.23866pt too wide) in paragraph at lines 8--11
\OT1/cmr/m/it/10 glehre:
 []


Overfull \hbox (37.84416pt too wide) in paragraph at lines 8--11
\OT1/cmr/m/it/10 Vortrage
 []


Overfull \hbox (18.27206pt too wide) in paragraph at lines 8--11
\OT1/cmr/m/it/10 uber
 []


Overfull \hbox (20.44429pt too wide) in paragraph at lines 8--11
\OT1/cmr/m/it/10 The-
 []


Overfull \hbox (8.68883pt too wide) in paragraph at lines 8--11
\OT1/cmr/m/it/10 o-
 []


Overfull \hbox (11.88324pt too wide) in paragraph at lines 8--11
\OT1/cmr/m/it/10 rie
 []


Overfull \hbox (16.09991pt too wide) in paragraph at lines 8--11
\OT1/cmr/m/it/10 und
 []


Overfull \hbox (32.72194pt too wide) in paragraph at lines 8--11
\OT1/cmr/m/it/10 Berech-
 []


Overfull \hbox (21.21098pt too wide) in paragraph at lines 8--11
\OT1/cmr/m/it/10 nung
 []


Overfull \hbox (13.92767pt too wide) in paragraph at lines 8--11
\OT1/cmr/m/it/10 der
 []


Overfull \hbox (42.30525pt too wide) in paragraph at lines 8--11
\OT1/cmr/m/it/10 Flugzeuge
 []


Overfull \hbox (8.68884pt too wide) in paragraph at lines 8--11
\OT1/cmr/m/it/10 in
 []


Overfull \hbox (10.73325pt too wide) in paragraph at lines 8--11
\OT1/cmr/m/it/10 el-
 []


Overfull \hbox (8.1777pt too wide) in paragraph at lines 8--11
\OT1/cmr/m/it/10 e-
 []


Overfull \hbox (39.35526pt too wide) in paragraph at lines 8--11
\OT1/cmr/m/it/10 mentarer
 []


Overfull \hbox (35.02196pt too wide) in paragraph at lines 8--11
\OT1/cmr/m/it/10 Darstel-
 []


Overfull \hbox (18.14433pt too wide) in paragraph at lines 8--11
\OT1/cmr/m/it/10 lung
 []


! LaTeX Error: Lonely \item--perhaps a missing list environment.

See the LaTeX manual or LaTeX Companion for explanation.
Type  H <return>  for immediate help.
 ...                                              
                                                  
l.12 	\bibitem{item3}
                     
Try typing  <return>  to proceed.
If that doesn't work, type  X <return>  to quit.

! Undefined control sequence.
<argument> \@listctr 
                     
l.12 	\bibitem{item3}
                     
The control sequence at the end of the top line
of your error message was never \def'ed. If you have
misspelled it (e.g., `\hobx'), type `I' and the correct
spelling (e.g., `I\hbox'). Otherwise just continue,
and I'll forget about whatever was undefined.

! You can't use `\relax' after \the.
<recently read> \c@ 
                    
l.12 	\bibitem{item3}
                     
I'm forgetting what you said and using zero instead.

\bibcite{item3}{0}
Missing character: There is no H in font nullfont!
Missing character: There is no e in font nullfont!
Missing character: There is no l in font nullfont!
Missing character: There is no m in font nullfont!
Missing character: There is no u in font nullfont!
Missing character: There is no t in font nullfont!
Missing character: There is no S in font nullfont!
Missing character: There is no c in font nullfont!
Missing character: There is no h in font nullfont!
Missing character: There is no r in font nullfont!
Missing character: There is no m in font nullfont!
Missing character: There is no a in font nullfont!
Missing character: There is no n in font nullfont!
Missing character: There is no n in font nullfont!
Missing character: There is no : in font nullfont!
Missing character: There is no . in font nullfont!
Missing character: There is no S in font nullfont!
Missing character: There is no p in font nullfont!
Missing character: There is no r in font nullfont!
Missing character: There is no i in font nullfont!
Missing character: There is no n in font nullfont!
Missing character: There is no g in font nullfont!
Missing character: There is no e in font nullfont!
Missing character: There is no r in font nullfont!
Missing character: There is no V in font nullfont!
Missing character: There is no e in font nullfont!
Missing character: There is no r in font nullfont!
Missing character: There is no l in font nullfont!
Missing character: There is no a in font nullfont!
Missing character: There is no g in font nullfont!
Missing character: There is no , in font nullfont!
Missing character: There is no 2 in font nullfont!
Missing character: There is no 0 in font nullfont!
Missing character: There is no 0 in font nullfont!
Missing character: There is no 5 in font nullfont!
Missing character: There is no . in font nullfont!

Overfull \hbox (5.55557pt too wide) in paragraph at lines 13--16
\/cmr/m/n/10 u
 []


Overfull \hbox (21.99986pt too wide) in paragraph at lines 13--16
\OT1/cmr/m/it/10 Kon-
 []


Overfull \hbox (20.57207pt too wide) in paragraph at lines 13--16
\OT1/cmr/m/it/10 stru-
 []


Overfull \hbox (21.59427pt too wide) in paragraph at lines 13--16
\OT1/cmr/m/it/10 ieren
 []


Overfull \hbox (14.56657pt too wide) in paragraph at lines 13--16
\OT1/cmr/m/it/10 mit
 []


Overfull \hbox (27.35535pt too wide) in paragraph at lines 13--16
\OT1/cmr/m/it/10 Faser-
 []


Overfull \hbox (48.3219pt too wide) in paragraph at lines 13--16
\OT1/cmr/m/it/10 Kunststoff-
 []


Overfull \hbox (46.40524pt too wide) in paragraph at lines 13--16
\OT1/cmr/m/it/10 Verbunden
 []


! LaTeX Error: Lonely \item--perhaps a missing list environment.

See the LaTeX manual or LaTeX Companion for explanation.
Type  H <return>  for immediate help.
 ...                                              
                                                  
l.17 	\bibitem{item4}
                     
Try typing  <return>  to proceed.
If that doesn't work, type  X <return>  to quit.

! Undefined control sequence.
<argument> \@listctr 
                     
l.17 	\bibitem{item4}
                     
The control sequence at the end of the top line
of your error message was never \def'ed. If you have
misspelled it (e.g., `\hobx'), type `I' and the correct
spelling (e.g., `I\hbox'). Otherwise just continue,
and I'll forget about whatever was undefined.

! You can't use `\relax' after \the.
<recently read> \c@ 
                    
l.17 	\bibitem{item4}
                     
I'm forgetting what you said and using zero instead.

\bibcite{item4}{0}
Missing character: There is no E in font nullfont!
Missing character: There is no l in font nullfont!
Missing character: There is no m in font nullfont!
Missing character: There is no a in font nullfont!
Missing character: There is no r in font nullfont!
Missing character: There is no W in font nullfont!
Missing character: There is no i in font nullfont!
Missing character: There is no t in font nullfont!
Missing character: There is no t in font nullfont!
Missing character: There is no e in font nullfont!
Missing character: There is no n in font nullfont!
Missing character: There is no : in font nullfont!
Missing character: There is no . in font nullfont!
Missing character: There is no S in font nullfont!
Missing character: There is no p in font nullfont!
Missing character: There is no r in font nullfont!
Missing character: There is no i in font nullfont!
Missing character: There is no n in font nullfont!
Missing character: There is no g in font nullfont!
Missing character: There is no e in font nullfont!
Missing character: There is no r in font nullfont!
Missing character: There is no V in font nullfont!
Missing character: There is no i in font nullfont!
Missing character: There is no e in font nullfont!
Missing character: There is no w in font nullfont!
Missing character: There is no e in font nullfont!
Missing character: There is no g in font nullfont!
Missing character: There is no , in font nullfont!
Missing character: There is no 2 in font nullfont!
Missing character: There is no 0 in font nullfont!
Missing character: There is no 1 in font nullfont!
Missing character: There is no 4 in font nullfont!
Missing character: There is no . in font nullfont!

Overfull \hbox (26.8554pt too wide) in paragraph at lines 18--21
\OT1/cmr/m/it/10 Hand-
 []


Overfull \hbox (19.67764pt too wide) in paragraph at lines 18--21
\OT1/cmr/m/it/10 buch
 []


Overfull \hbox (40.7719pt too wide) in paragraph at lines 18--21
\OT1/cmr/m/it/10 Faserver-
 []


Overfull \hbox (24.27762pt too wide) in paragraph at lines 18--21
\OT1/cmr/m/it/10 bund-
 []


Overfull \hbox (19.16653pt too wide) in paragraph at lines 18--21
\OT1/cmr/m/it/10 kun-
 []


Overfull \hbox (10.9888pt too wide) in paragraph at lines 18--21
\OT1/cmr/m/it/10 st-
 []


Overfull \hbox (26.32204pt too wide) in paragraph at lines 18--21
\OT1/cmr/m/it/10 stoffe,
 []


Overfull \hbox (24.02206pt too wide) in paragraph at lines 18--21
\OT1/cmr/m/it/10 Com-
 []


Overfull \hbox (17.37766pt too wide) in paragraph at lines 18--21
\OT1/cmr/m/it/10 pos-
 []


Overfull \hbox (18.14432pt too wide) in paragraph at lines 18--21
\OT1/cmr/m/it/10 ites:
 []


Overfull \hbox (31.63036pt too wide) in paragraph at lines 18--21
\OT1/cmr/m/it/10 Grund-
 []


Overfull \hbox (11.24437pt too wide) in paragraph at lines 18--21
\OT1/cmr/m/it/10 la-
 []


Overfull \hbox (17.88876pt too wide) in paragraph at lines 18--21
\OT1/cmr/m/it/10 gen,
 []


Overfull \hbox (14.84433pt too wide) in paragraph at lines 18--21
\OT1/cmr/m/it/10 Ve-
 []


Overfull \hbox (7.79437pt too wide) in paragraph at lines 18--21
\OT1/cmr/m/it/10 r-
 []


Overfull \hbox (12.90546pt too wide) in paragraph at lines 18--21
\OT1/cmr/m/it/10 ar-
 []


Overfull \hbox (33.73308pt too wide) in paragraph at lines 18--21
\OT1/cmr/m/it/10 beitung,
 []


Overfull \hbox (16.37766pt too wide) in paragraph at lines 18--21
\OT1/cmr/m/it/10 An-
 []


Overfull \hbox (20.4443pt too wide) in paragraph at lines 18--21
\OT1/cmr/m/it/10 wen-
 []


Overfull \hbox (19.67766pt too wide) in paragraph at lines 18--21
\OT1/cmr/m/it/10 dun-
 []


Overfull \hbox (14.82211pt too wide) in paragraph at lines 18--21
\OT1/cmr/m/it/10 gen
 []


! LaTeX Error: Lonely \item--perhaps a missing list environment.

See the LaTeX manual or LaTeX Companion for explanation.
Type  H <return>  for immediate help.
 ...                                              
                                                  
l.22 	\bibitem{item5}
                     
Try typing  <return>  to proceed.
If that doesn't work, type  X <return>  to quit.

! Undefined control sequence.
<argument> \@listctr 
                     
l.22 	\bibitem{item5}
                     
The control sequence at the end of the top line
of your error message was never \def'ed. If you have
misspelled it (e.g., `\hobx'), type `I' and the correct
spelling (e.g., `I\hbox'). Otherwise just continue,
and I'll forget about whatever was undefined.

! You can't use `\relax' after \the.
<recently read> \c@ 
                    
l.22 	\bibitem{item5}
                     
I'm forgetting what you said and using zero instead.

\bibcite{item5}{0}
Missing character: There is no V in font nullfont!
Missing character: There is no D in font nullfont!
Missing character: There is no I in font nullfont!
Missing character: There is no - in font nullfont!
Missing character: There is no G in font nullfont!
Missing character: There is no e in font nullfont!
Missing character: There is no s in font nullfont!
Missing character: There is no e in font nullfont!
Missing character: There is no l in font nullfont!
Missing character: There is no l in font nullfont!
Missing character: There is no s in font nullfont!
Missing character: There is no c in font nullfont!
Missing character: There is no h in font nullfont!
Missing character: There is no a in font nullfont!
Missing character: There is no f in font nullfont!
Missing character: There is no t in font nullfont!
Missing character: There is no M in font nullfont!
Missing character: There is no a in font nullfont!
Missing character: There is no t in font nullfont!
Missing character: There is no e in font nullfont!
Missing character: There is no r in font nullfont!
Missing character: There is no i in font nullfont!
Missing character: There is no a in font nullfont!
Missing character: There is no l in font nullfont!
Missing character: There is no s in font nullfont!
Missing character: There is no E in font nullfont!
Missing character: There is no n in font nullfont!
Missing character: There is no g in font nullfont!
Missing character: There is no i in font nullfont!
Missing character: There is no n in font nullfont!
Missing character: There is no e in font nullfont!
Missing character: There is no e in font nullfont!
Missing character: There is no r in font nullfont!
Missing character: There is no i in font nullfont!
Missing character: There is no n in font nullfont!
Missing character: There is no g in font nullfont!
Missing character: There is no : in font nullfont!
Missing character: There is no . in font nullfont!
Missing character: There is no V in font nullfont!
Missing character: There is no D in font nullfont!
Missing character: There is no I in font nullfont!
Missing character: There is no - in font nullfont!
Missing character: There is no G in font nullfont!
Missing character: There is no e in font nullfont!
Missing character: There is no s in font nullfont!
Missing character: There is no e in font nullfont!
Missing character: There is no l in font nullfont!
Missing character: There is no l in font nullfont!
Missing character: There is no s in font nullfont!
Missing character: There is no c in font nullfont!
Missing character: There is no h in font nullfont!
Missing character: There is no a in font nullfont!
Missing character: There is no f in font nullfont!
Missing character: There is no t in font nullfont!
Missing character: There is no M in font nullfont!
Missing character: There is no a in font nullfont!
Missing character: There is no t in font nullfont!
Missing character: There is no e in font nullfont!
Missing character: There is no r in font nullfont!
Missing character: There is no i in font nullfont!
Missing character: There is no a in font nullfont!
Missing character: There is no l in font nullfont!
Missing character: There is no s in font nullfont!
Missing character: There is no E in font nullfont!
Missing character: There is no n in font nullfont!
Missing character: There is no g in font nullfont!
Missing character: There is no i in font nullfont!
Missing character: There is no n in font nullfont!
Missing character: There is no e in font nullfont!
Missing character: There is no e in font nullfont!
Missing character: There is no r in font nullfont!
Missing character: There is no i in font nullfont!
Missing character: There is no n in font nullfont!
Missing character: There is no g in font nullfont!
Missing character: There is no , in font nullfont!
Missing character: There is no 1 in font nullfont!
Missing character: There is no 9 in font nullfont!
Missing character: There is no 7 in font nullfont!
Missing character: There is no 0 in font nullfont!
Missing character: There is no . in font nullfont!

Overfull \hbox (18.83876pt too wide) in paragraph at lines 23--26
\OT1/cmr/m/it/10 VDI
 []


Overfull \hbox (20.44434pt too wide) in paragraph at lines 23--26
\OT1/cmr/m/it/10 2013
 []


Overfull \hbox (25.43872pt too wide) in paragraph at lines 23--26
\OT1/cmr/m/it/10 (Blatt
 []


Overfull \hbox (12.7777pt too wide) in paragraph at lines 23--26
\OT1/cmr/m/it/10 1)-
 []


Overfull \hbox (74.3773pt too wide) in paragraph at lines 23--26
\OT1/cmr/m/it/10 Dimensionierung
 []


Overfull \hbox (15.33324pt too wide) in paragraph at lines 23--26
\OT1/cmr/m/it/10 von
 []


Overfull \hbox (41.28307pt too wide) in paragraph at lines 23--26
\OT1/cmr/m/it/10 Bauteilen
 []


Overfull \hbox (14.56659pt too wide) in paragraph at lines 23--26
\OT1/cmr/m/it/10 aus
 []


Overfull \hbox (21.95264pt too wide) in paragraph at lines 23--26
\OT1/cmr/m/it/10 GFK
 []


Overfull \hbox (27.15817pt too wide) in paragraph at lines 23--26
\OT1/cmr/m/it/10 (Glas-
 []


Overfull \hbox (63.76062pt too wide) in paragraph at lines 23--26
\OT1/cmr/m/it/10 faserverstarkte
 []


Overfull \hbox (22.25542pt too wide) in paragraph at lines 23--26
\OT1/cmr/m/it/10 Kun-
 []


Overfull \hbox (10.9888pt too wide) in paragraph at lines 23--26
\OT1/cmr/m/it/10 st-
 []


Overfull \hbox (27.34425pt too wide) in paragraph at lines 23--26
\OT1/cmr/m/it/10 stoffe)
 []


! LaTeX Error: \begin{document} ended by \end{thebibliography}.

See the LaTeX manual or LaTeX Companion for explanation.
Type  H <return>  for immediate help.
 ...                                              
                                                  
l.35 \end{thebibliography}
                          
Your command was ignored.
Type  I <command> <return>  to replace it with another command,
or  <return>  to continue without it.

)
! Emergency stop.
<*> "./Projektarbeit - Quellenverzeichnis.tex"
                                              
*** (job aborted, no legal \end found)

 
Here is how much of TeX's memory you used:
 34 strings out of 479799
 689 string characters out of 2869723
 266509 words of memory out of 3000000
 17124 multiletter control sequences out of 15000+200000
 535434 words of font info for 30 fonts, out of 3000000 for 9000
 1141 hyphenation exceptions out of 8191
 36i,1n,42p,165b,111s stack positions out of 5000i,500n,10000p,200000b,50000s
!  ==> Fatal error occurred, no output PDF file produced!
